 Initial condition =   500
 Geometry in COLUMBUS and NX input format:
 Al   13.0   -1.04825276   -2.25204838    0.72009191   26.98154130
 O     8.0    1.45734928   -4.53266920    0.42866318   15.99491464
 O     8.0   -3.81688460   -3.97475805   -0.52720794   15.99491464
 O     8.0   -1.78885235   -2.66219757    4.27122363   15.99491464
 C     6.0   -0.35488241   -1.47848329    5.73416990   12.00000000
 C     6.0   -0.57755796   -1.65461044    8.46949032   12.00000000
 C     6.0    1.15594955   -0.24194272    9.99737489   12.00000000
 C     6.0    2.62073128    1.46143271    8.85386026   12.00000000
 C     6.0    2.81896288    1.90392051    6.32675373   12.00000000
 C     6.0    1.43996285    0.35567271    4.75921309   12.00000000
 C     6.0    4.48945943    3.37495747    5.08603545   12.00000000
 C     6.0    4.40842616    3.66860437    2.56367163   12.00000000
 C     6.0    2.70363080    2.07295708    1.14431701   12.00000000
 N     7.0    1.35454273    0.54787883    2.27715851   14.00307401
 C     6.0    2.58495999   -4.52080614   -1.86322317   12.00000000
 C     6.0    4.58817340   -6.21865628   -2.45972259   12.00000000
 C     6.0    5.62994588   -6.45275761   -4.94808157   12.00000000
 C     6.0    4.86940217   -4.70606120   -6.79482592   12.00000000
 C     6.0    3.04582447   -2.71162120   -6.24402838   12.00000000
 C     6.0    1.81084238   -2.81741899   -3.86072236   12.00000000
 C     6.0    1.90674160   -1.09791807   -8.11155744   12.00000000
 C     6.0    0.06875898    0.63300686   -7.36020213   12.00000000
 C     6.0   -0.76090158    0.54939383   -4.74398383   12.00000000
 N     7.0    0.00878805   -1.37847755   -3.16682122   14.00307401
 C     6.0   -5.87672925   -2.76423597   -1.02749853   12.00000000
 C     6.0   -8.15765264   -3.89072074   -1.94371691   12.00000000
 C     6.0  -10.33748530   -2.40555173   -2.09720979   12.00000000
 C     6.0  -10.51485790    0.24874300   -1.63859652   12.00000000
 C     6.0   -6.07816924   -0.22047184   -0.56580974   12.00000000
 C     6.0   -8.32353068    1.39824963   -0.92104075   12.00000000
 C     6.0   -7.94421520    3.99385346   -0.19476407   12.00000000
 C     6.0   -5.87803605    5.03332286    0.84219192   12.00000000
 C     6.0   -3.66164485    3.36412920    1.03453594   12.00000000
 N     7.0   -3.88181947    0.93844137    0.46613117   14.00307401
 H     1.0   -8.31314404   -6.06339035   -1.87211566    1.00782504
 H     1.0  -11.68644110   -3.59329002   -2.41100234    1.00782504
 H     1.0  -12.34469600    1.60706241   -2.49159392    1.00782504
 H     1.0   -9.87482050    5.22345164   -0.27048633    1.00782504
 H     1.0   -5.80607667    7.19505864    1.56004127    1.00782504
 H     1.0   -2.12189762    4.48277269    2.04104453    1.00782504
 H     1.0   -1.71294640   -2.76345844    9.14862963    1.00782504
 H     1.0    1.07948219   -0.44463730   11.99654850    1.00782504
 H     1.0    3.98264299    2.50696476   10.26346730    1.00782504
 H     1.0    5.96178618    5.20245050    6.21826842    1.00782504
 H     1.0    5.47606012    4.83150076    1.31608363    1.00782504
 H     1.0    2.39078675    1.92219513   -1.09054837    1.00782504
 H     1.0    5.40203252   -7.49421082   -0.57769039    1.00782504
 H     1.0    7.30541625   -7.89451623   -5.57532791    1.00782504
 H     1.0    5.61012395   -4.47446470   -8.41818781    1.00782504
 H     1.0   -2.00031040    2.05811970   -4.29029009    1.00782504
 H     1.0    2.65647347   -0.70499682  -10.09281090    1.00782504
 H     1.0   -0.67243061    2.00874872   -8.46235964    1.00782504
 Velocity in NX input format:
    0.000179454    0.000076045    0.000220323
   -0.000136518   -0.000063400    0.000125951
    0.000286694   -0.000025693   -0.000052318
    0.000012782   -0.000312043   -0.000154389
    0.000120191    0.000058461   -0.000113799
   -0.000102228   -0.000014456   -0.000085174
    0.000488087    0.000212695   -0.000071382
   -0.000261248   -0.000181358    0.000312341
   -0.000081522    0.000426156    0.000581021
    0.000404993   -0.000079675   -0.000378776
   -0.000256989   -0.000545263   -0.000004700
   -0.000057330    0.000112470   -0.000604186
    0.000423591   -0.000141775    0.000220736
   -0.000171802   -0.000168210   -0.000187294
   -0.000235810    0.000263180    0.000097546
   -0.000091207   -0.000087565    0.000060580
   -0.000087611    0.000234989   -0.000185984
    0.000104320   -0.000375190    0.000196640
    0.000371487   -0.000257733    0.000145386
   -0.000054347    0.000318382   -0.000449434
   -0.000194439   -0.000141433   -0.000007150
   -0.000190812   -0.000102334   -0.000139437
   -0.000138946    0.000004968   -0.000310426
    0.000039547   -0.000024316    0.000142293
   -0.000167482   -0.000067681    0.000318607
    0.000020239    0.000726256   -0.000028470
    0.000551509    0.000176049    0.000031912
   -0.000262512   -0.000375333   -0.000089840
   -0.000000668   -0.000055573    0.000176081
   -0.000053695   -0.000147667    0.000223930
   -0.000055343   -0.000195276   -0.000381984
   -0.000060106    0.000181465    0.000213306
    0.000429083   -0.000478236   -0.000216223
   -0.000129335    0.000211146    0.000002520
   -0.000991785   -0.001209260    0.000793378
   -0.004627475    0.000643478   -0.001729850
    0.002922642   -0.001100137   -0.000848886
   -0.000491176    0.001039630   -0.000080188
   -0.000320392    0.001736638    0.000225978
   -0.002212852    0.000658193   -0.000993135
   -0.000765259    0.000662955    0.001070398
   -0.000728840   -0.000896740    0.003051067
   -0.000672362    0.000052186   -0.001073139
   -0.000510331   -0.001613013   -0.000093943
    0.000302401    0.001832841    0.001635012
   -0.000503211    0.002685611   -0.001513420
    0.000013119   -0.000920210   -0.000324248
   -0.001730215    0.002443218    0.000595759
    0.000582606    0.000700185   -0.000754971
    0.000696043   -0.000671624    0.000008092
    0.001125242    0.001052656    0.000859309
   -0.000557355    0.002673767    0.000411279
 Epot of initial state (eV):    8.3626  Epot of final state (eV):     10.7944
 Vertical excitation (eV):      2.4318  Is Ev in the required range? YES
 Ekin of initial state (eV):    4.5362  Etot of initial state (eV):   12.8989
 Oscillator strength:           0.0000
  
  
