 Initial condition =     7
 Geometry in COLUMBUS and NX input format:
 C     6.0   23.22294840    1.27596815   -0.99653552   12.00000000
 C     6.0  -23.09334700    0.08413862    1.44550708   12.00000000
 C     6.0   25.59215230   -0.30898753   -1.01910616   12.00000000
 C     6.0  -24.70743140    2.32302199    2.19822294   12.00000000
 C     6.0   25.04081270   -2.98252448   -1.45172865   12.00000000
 C     6.0  -25.22685730    4.27786767    0.17436343   12.00000000
 C     6.0   20.97705970    0.08581911    0.49021759   12.00000000
 C     6.0  -20.80632700    0.98275982   -0.12112584   12.00000000
 C     6.0   23.47990740   -3.89460028    0.86566208   12.00000000
 C     6.0  -22.75006050    5.17891275   -1.11164758   12.00000000
 C     6.0   21.14713940   -2.18785687    1.49274635   12.00000000
 C     6.0  -20.68502380    3.34641562   -1.06987068   12.00000000
 C     6.0   22.33919120    1.95938318   -3.80968394   12.00000000
 C     6.0   23.68431960    3.87193713    0.05586905   12.00000000
 C     6.0  -24.77470030   -1.80467232    0.05683208   12.00000000
 C     6.0  -22.03050350   -1.23424783    3.88033763   12.00000000
 C     6.0   18.60384320    1.70252796    0.65328541   12.00000000
 C     6.0  -18.73426640   -0.90129079   -0.43147126   12.00000000
 C     6.0   19.16384420   -3.35940576    3.38095347   12.00000000
 C     6.0  -18.40480460    4.10217813   -2.90439098   12.00000000
 C     6.0   16.30081460    0.83570049    0.57447950   12.00000000
 C     6.0  -16.31084230   -0.53212249   -0.46676645   12.00000000
 C     6.0   14.00700720    2.39437919    0.74583827   12.00000000
 C     6.0  -14.35450020   -2.48469770   -0.88861315   12.00000000
 C     6.0   14.40963950    5.22478970    0.98718524   12.00000000
 C     6.0  -15.13479240   -5.28285442   -1.55783056   12.00000000
 C     6.0   11.62443350    1.27641564    0.36450819   12.00000000
 C     6.0  -11.78632760   -1.78098806   -0.58018742   12.00000000
 C     6.0    9.21451570    2.38793238    0.56265585   12.00000000
 C     6.0   -9.70958019   -3.31320107   -0.49305520   12.00000000
 C     6.0    7.16879848    0.99218275    0.31041857   12.00000000
 C     6.0   -7.29598636   -2.40018650   -0.39760734   12.00000000
 C     6.0    4.64322394    1.95880546    0.79207054   12.00000000
 C     6.0   -5.00100481   -3.65264072   -0.53369148   12.00000000
 C     6.0    4.18017200    4.62480747    1.11295295   12.00000000
 C     6.0   -5.20673247   -6.55317699   -0.94317148   12.00000000
 C     6.0    2.29067009    0.63863636    0.37899692   12.00000000
 C     6.0   -2.63709316   -2.34700270   -0.48994797   12.00000000
 C     6.0    2.04016893   -2.00342217   -0.40100771   12.00000000
 C     6.0   -0.16359899   -3.42834011   -0.52128839   12.00000000
 H     1.0   26.50031570   -0.33505967    0.63613816    1.00782504
 H     1.0   27.05263950    0.57311913   -2.20900291    1.00782504
 H     1.0  -23.73873710    3.00130511    3.94016249    1.00782504
 H     1.0  -26.67360350    2.01876820    2.93818021    1.00782504
 H     1.0   26.71771880   -3.92238072   -1.79984166    1.00782504
 H     1.0   23.92127800   -3.35973663   -3.29502670    1.00782504
 H     1.0  -26.20455420    6.09847101    0.89161792    1.00782504
 H     1.0  -26.42962480    3.18293086   -1.30441168    1.00782504
 H     1.0   24.70409380   -4.30078025    2.53712963    1.00782504
 H     1.0   22.56440920   -5.73352718    0.40989161    1.00782504
 H     1.0  -21.88148000    6.52585372   -0.00129382    1.00782504
 H     1.0  -22.81755940    6.35633543   -2.94892563    1.00782504
 H     1.0   22.15062320    0.17784593   -4.54646096    1.00782504
 H     1.0   23.61900420    2.65987495   -4.80854971    1.00782504
 H     1.0   20.30650220    2.69143438   -3.86906398    1.00782504
 H     1.0   24.04981440    3.96220142    2.33147671    1.00782504
 H     1.0   22.41681970    5.22586292   -0.46327473    1.00782504
 H     1.0   25.68015280    4.03073706   -0.39924510    1.00782504
 H     1.0  -25.50525120   -0.86109555   -1.60315237    1.00782504
 H     1.0  -26.33785910   -2.15032640    1.20030477    1.00782504
 H     1.0  -23.68115420   -3.47072142   -0.01243608    1.00782504
 H     1.0  -21.30690420    0.02976749    5.30265960    1.00782504
 H     1.0  -20.85779250   -2.67695313    3.50148656    1.00782504
 H     1.0  -23.54238650   -2.26282695    5.15940324    1.00782504
 H     1.0   18.91999790    3.71779525    0.83151580    1.00782504
 H     1.0  -19.29092540   -2.76399021   -0.78007848    1.00782504
 H     1.0   18.09463760   -1.74717489    4.23887410    1.00782504
 H     1.0   20.06746700   -4.08284795    4.77812433    1.00782504
 H     1.0   18.02694050   -4.87830027    2.33016271    1.00782504
 H     1.0  -17.40377730    2.57789483   -4.39790605    1.00782504
 H     1.0  -16.84849220    5.29865982   -1.79723058    1.00782504
 H     1.0  -19.57757570    5.34300094   -4.21650676    1.00782504
 H     1.0   16.26075740   -1.08977268    0.20933552    1.00782504
 H     1.0  -15.64920280    1.49350013   -0.79777410    1.00782504
 H     1.0   15.24873190    5.61315123    2.77479288    1.00782504
 H     1.0   12.58876750    6.21951174    0.82764842    1.00782504
 H     1.0   15.85193130    6.38186617   -0.33900360    1.00782504
 H     1.0  -16.66688680   -4.79699499   -3.01529177    1.00782504
 H     1.0  -16.38222250   -6.01398612   -0.08972377    1.00782504
 H     1.0  -13.37550750   -6.22535900   -2.63257068    1.00782504
 H     1.0   11.38693440   -0.97016216    0.26952391    1.00782504
 H     1.0  -11.13985030    0.34896694   -0.67087283    1.00782504
 H     1.0    9.07666656    4.20945121    0.37559906    1.00782504
 H     1.0  -10.21109720   -5.39895063   -0.77833398    1.00782504
 H     1.0    7.42945223   -0.95496469   -0.30801064    1.00782504
 H     1.0   -7.16480676   -0.31521671   -0.55776643    1.00782504
 H     1.0    5.74330732    5.58717679    2.51138662    1.00782504
 H     1.0    1.79494233    5.27509363    2.01114258    1.00782504
 H     1.0    4.18717251    5.57941689   -0.93218501    1.00782504
 H     1.0   -6.52248097   -6.65227952   -2.61442319    1.00782504
 H     1.0   -5.94680618   -7.63026015    0.62215759    1.00782504
 H     1.0   -3.36957091   -7.25138243   -1.61143509    1.00782504
 H     1.0    0.59362104    1.50193361    0.49375248    1.00782504
 H     1.0   -2.74226877   -0.30350248   -0.74791974    1.00782504
 H     1.0    3.67652102   -3.16867506   -0.81369050    1.00782504
 H     1.0   -0.31829849   -5.57500618   -0.58951030    1.00782504
 Velocity in NX input format:
   -0.000167571    0.000043881    0.000094352
    0.000021110   -0.000256367   -0.000979004
   -0.000395666   -0.000100476   -0.000330335
   -0.001079385   -0.000155011    0.000498535
    0.000514737   -0.000170235    0.000045798
    0.000087599   -0.000501274    0.000329319
    0.000327938   -0.000025773   -0.000184034
    0.000201258    0.000026182   -0.000108333
    0.000104054    0.000027266   -0.000465670
    0.000323085    0.000183632   -0.000201334
   -0.000139345    0.000050755   -0.000032839
    0.000269808    0.000281234   -0.000009899
    0.000088623   -0.000285425    0.000029167
   -0.000253051   -0.000196427    0.000122430
   -0.000240502   -0.000051801    0.000299556
   -0.000333628    0.000198546    0.000184751
    0.000006616   -0.000436647   -0.000127171
   -0.000281896   -0.000379308   -0.000118723
   -0.000043652    0.000021379    0.000133534
    0.000046482   -0.000248391   -0.000196717
    0.000417455    0.000007101    0.000043530
    0.000715794    0.000110823   -0.000150571
    0.000067602    0.000495967    0.000155961
   -0.000120677   -0.000123136   -0.000313044
   -0.000462675    0.000319115   -0.000216783
    0.000096413    0.000635773    0.000028417
    0.000281477   -0.000442985   -0.000101324
   -0.000447091   -0.000349783    0.000517820
   -0.000100373    0.000187682   -0.000085093
    0.000204459    0.000094859   -0.000221855
   -0.000362547    0.000028130    0.000231782
    0.000496381   -0.000411668   -0.000315974
   -0.000280634    0.000229904   -0.000315737
   -0.000674257    0.000224150   -0.000212261
    0.000101880   -0.000349380    0.000016281
    0.000142711   -0.000313569    0.000349975
    0.000411403    0.000111602   -0.000008171
    0.000384916   -0.000209267    0.000702771
   -0.000443119    0.000125659   -0.000103713
   -0.000222600    0.000558019   -0.000131525
    0.000995769   -0.000594722    0.001850479
    0.000393904    0.001063609    0.000416641
    0.002083326    0.000588396    0.000878142
    0.002499282    0.000759688   -0.001522318
    0.000599757    0.001418100    0.000442077
   -0.003945486   -0.001087233    0.001310681
   -0.000360225    0.001163615   -0.000025454
    0.000921136    0.001241179    0.000715040
   -0.000976450   -0.001729074    0.000263315
    0.001607519    0.000271263    0.001791539
   -0.001815458   -0.001091505   -0.002172546
    0.001238010   -0.000360131    0.002148159
   -0.000931972    0.002128219    0.001197729
   -0.001298344    0.001146605   -0.000377190
    0.001716853   -0.000622222   -0.000854777
    0.000362153    0.001109905   -0.000707496
    0.002161896   -0.001461278    0.000628127
   -0.001602445    0.001823127    0.002042279
    0.000195224   -0.000485601   -0.000082201
    0.003117309    0.001087205   -0.000824960
    0.001237777    0.001024981    0.000134749
    0.001857687    0.001849575    0.004537627
    0.000726402   -0.001835196   -0.001815511
    0.000795919    0.000137609    0.000516651
    0.000021439    0.002846893    0.000230087
   -0.001712668    0.003831309   -0.000349899
    0.000681015    0.002107483    0.000577492
   -0.000350616   -0.001038376    0.003298094
    0.002769239    0.001079927   -0.001852867
   -0.000836572    0.002104053    0.001713956
    0.000720888    0.000126892    0.003876714
   -0.001853321    0.000027441   -0.001551550
    0.001358726    0.000168879   -0.000531043
   -0.000350760   -0.003025761   -0.001315163
    0.000112116   -0.001241247    0.002697685
    0.001745244   -0.000211625    0.000484155
    0.000320026   -0.001432034   -0.000759835
    0.001119198   -0.000820773    0.001545590
    0.000229181   -0.001438650   -0.000023721
   -0.002388262    0.002779989    0.000954679
   -0.002323777   -0.000187558   -0.000992683
    0.000599559    0.000340030   -0.000982872
   -0.001350760    0.002297427    0.001597787
   -0.000592713    0.000111389    0.001148563
    0.002190063    0.000744863   -0.000960247
    0.000128649    0.001722331    0.001954250
   -0.001462285    0.001235526    0.001352858
    0.000839734   -0.000650410    0.000796774
   -0.000009238   -0.000752967   -0.001235299
   -0.000538755    0.000015207    0.000009872
   -0.000293200   -0.000422880   -0.000963367
   -0.003606172    0.000527864   -0.001017115
    0.000621120   -0.002586744   -0.000475498
    0.002642513   -0.002854437   -0.002211050
    0.000015244   -0.001185644    0.000645926
   -0.000377675   -0.000533435   -0.000998651
