 Initial condition =   500
 Geometry in COLUMBUS and NX input format:
 O     8.0  -26.50010400   -3.71103399    1.86784729   15.99491464
 O     8.0   27.66906800    1.95489465    1.79541291   15.99491464
 C     6.0  -22.20669010    0.46169946    2.12887263   12.00000000
 C     6.0  -20.47339000   -0.01729402   -0.27452256   12.00000000
 C     6.0  -22.68871420   -2.09436312    3.55329954   12.00000000
 C     6.0  -23.90055000   -4.27824312    1.92842983   12.00000000
 C     6.0  -21.49943260   -2.11000526   -1.75614200   12.00000000
 C     6.0   20.77460970   -0.10550583    3.17901659   12.00000000
 C     6.0  -21.13724050    2.24476377    4.07526846   12.00000000
 C     6.0  -24.74465430    1.67745605    1.43234760   12.00000000
 C     6.0   23.37337450    1.26236185    3.42099178   12.00000000
 C     6.0  -23.05190360   -3.97108790   -0.85596077   12.00000000
 C     6.0   25.12325510    0.68384428    1.43939361   12.00000000
 C     6.0   19.89488140   -0.10497843    0.46928186   12.00000000
 C     6.0  -17.71987160   -0.19876489    0.23637218   12.00000000
 C     6.0   24.32177900    1.52358530   -0.99412748   12.00000000
 C     6.0   21.51147790    0.72570039   -1.56861238   12.00000000
 C     6.0   19.11969090    1.09877215    5.01471236   12.00000000
 C     6.0   21.36500070   -2.80598700    4.21377647   12.00000000
 C     6.0  -20.75962800   -2.31097441   -4.60967985   12.00000000
 C     6.0  -16.18144860    1.63606587   -0.53903239   12.00000000
 C     6.0   17.40424030   -0.95402930    0.06971638   12.00000000
 C     6.0   20.80698950    0.86870072   -4.33325361   12.00000000
 C     6.0  -13.27876210    1.20600496    0.16768725   12.00000000
 C     6.0   16.69832300   -2.86949314   -1.44772342   12.00000000
 C     6.0  -12.45289610   -1.05943388    1.75650061   12.00000000
 C     6.0   14.03458640   -3.66434621   -1.78593856   12.00000000
 C     6.0  -11.85291570    3.07445222   -0.70703516   12.00000000
 C     6.0   13.78013630   -6.26152138   -2.49233536   12.00000000
 C     6.0   12.10291310   -2.14427220   -1.18719741   12.00000000
 C     6.0   -9.10015993    3.18508204   -0.40635237   12.00000000
 C     6.0    9.33907596   -2.49725966   -1.62731223   12.00000000
 C     6.0   -7.56918567    4.86106590   -1.65334528   12.00000000
 C     6.0   -4.96928787    5.28357235   -1.57658719   12.00000000
 C     6.0    7.57611132   -0.76340171   -1.33687182   12.00000000
 C     6.0    5.05836478   -1.07871062   -1.63143705   12.00000000
 C     6.0   -4.08975134    7.84950369   -1.40812812   12.00000000
 C     6.0   -3.36857554    3.30054727   -1.60069442   12.00000000
 C     6.0    3.62975904    1.07827921   -1.24272397   12.00000000
 C     6.0    3.86311136   -3.74947067   -1.87583230   12.00000000
 C     6.0   -0.71848626    3.29803092   -1.42736605   12.00000000
 C     6.0    0.86571415    1.14849785   -1.52037285   12.00000000
 H     1.0  -20.73198470    1.90603028   -1.56340960    1.00782504
 H     1.0  -23.83482030   -1.63828922    5.54964699    1.00782504
 H     1.0  -20.85343250   -2.76967424    4.26807004    1.00782504
 H     1.0  -23.38204690   -6.26355956    2.87633151    1.00782504
 H     1.0  -19.66504000    1.49636213    5.42549558    1.00782504
 H     1.0  -20.56125250    3.93365222    3.34855619    1.00782504
 H     1.0  -22.79084580    3.08798474    5.37286472    1.00782504
 H     1.0  -25.83713500    1.05012744   -0.28857831    1.00782504
 H     1.0  -26.40575760    1.42416280    2.75771170    1.00782504
 H     1.0  -24.23105670    3.50735166    0.37529688    1.00782504
 H     1.0   23.11469520    3.26725299    3.31977330    1.00782504
 H     1.0   24.23279310    0.90108323    5.51255010    1.00782504
 H     1.0  -23.50042520   -5.20355937   -2.16612382    1.00782504
 H     1.0   25.98078640   -1.30399121    1.45920979    1.00782504
 H     1.0  -16.65521270   -1.68444470    1.82969768    1.00782504
 H     1.0   25.60054710    0.48046107   -2.46079868    1.00782504
 H     1.0   24.40646740    3.45510270   -1.11547921    1.00782504
 H     1.0   17.25594850   -0.16806116    5.31492699    1.00782504
 H     1.0   18.09595510    3.13037573    4.60395301    1.00782504
 H     1.0   19.94078280    1.25722952    7.05145710    1.00782504
 H     1.0   22.65408320   -3.84134665    2.84477920    1.00782504
 H     1.0   19.94423460   -4.29208344    4.45847055    1.00782504
 H     1.0   22.06627370   -2.75389195    6.08026642    1.00782504
 H     1.0  -18.80261560   -2.42844222   -4.81311918    1.00782504
 H     1.0  -21.36579810   -0.67346766   -5.32960138    1.00782504
 H     1.0  -22.10027180   -3.89409258   -5.44461148    1.00782504
 H     1.0  -27.17455290   -4.85924880    0.49293707    1.00782504
 H     1.0   15.80911290   -0.24292818    1.02589761    1.00782504
 H     1.0  -16.44686530    3.16154292   -1.56973100    1.00782504
 H     1.0   21.85560120   -0.72802399   -5.19126241    1.00782504
 H     1.0   18.82662680    0.41803626   -4.61369815    1.00782504
 H     1.0   21.56169870    2.39547212   -5.62256154    1.00782504
 H     1.0   28.17175610    1.52907889    3.78872039    1.00782504
 H     1.0   17.93086490   -3.75780953   -2.47257049    1.00782504
 H     1.0  -10.23303990   -1.16222454    2.22397968    1.00782504
 H     1.0  -13.62746790   -1.15029883    3.50000522    1.00782504
 H     1.0  -13.15363820   -2.84859515    0.75052163    1.00782504
 H     1.0  -12.58412990    4.39160036   -2.09414194    1.00782504
 H     1.0   14.22283920   -7.73076690   -0.74645727    1.00782504
 H     1.0   11.59974990   -7.01130476   -2.68491772    1.00782504
 H     1.0   14.84979340   -6.81947675   -4.26350588    1.00782504
 H     1.0   12.32242750   -0.51853456   -0.47001437    1.00782504
 H     1.0   -8.30817559    1.85672057    0.65110521    1.00782504
 H     1.0    8.75759336   -4.66487751   -2.06206357    1.00782504
 H     1.0   -8.58718349    6.37045869   -2.60607504    1.00782504
 H     1.0    8.29367927    1.00036306   -0.82062480    1.00782504
 H     1.0   -2.00715508    8.08616957   -0.89483301    1.00782504
 H     1.0   -5.61809393    8.66569971    0.35212507    1.00782504
 H     1.0   -5.08265100    8.89746732   -2.68990081    1.00782504
 H     1.0   -4.13440197    1.00671619   -1.15385802    1.00782504
 H     1.0    4.90328960    2.65867652   -0.95666550    1.00782504
 H     1.0    4.65067834   -5.15728140   -0.43919990    1.00782504
 H     1.0    1.96645343   -4.08409144   -2.12917316    1.00782504
 H     1.0    4.73650597   -4.36130969   -3.47050433    1.00782504
 H     1.0    0.03720609    5.00033608   -1.04631073    1.00782504
 H     1.0    0.11652073   -0.82005906   -1.75845730    1.00782504
 Velocity in NX input format:
    0.000073133    0.000016352    0.000103001
    0.000012026    0.000145259   -0.000179388
   -0.000050845    0.000165246   -0.000151360
    0.000916515   -0.000143944   -0.000097644
   -0.000251954    0.000004901    0.000245148
   -0.000226198   -0.000337456   -0.000018066
   -0.000095466   -0.000332720   -0.000144041
   -0.000497165    0.000249465    0.000460944
   -0.000635973    0.000498548    0.000102035
    0.000404964   -0.000176907    0.000340009
   -0.000229215   -0.000215775   -0.000060016
    0.000139726   -0.000044277   -0.000142213
   -0.000089270   -0.000585300   -0.000228380
    0.000338049    0.000108543   -0.000190759
    0.000019808    0.000464476    0.000074536
   -0.000298681   -0.000081687    0.000480262
    0.000282561    0.000173545    0.000603129
   -0.000139448   -0.000257311   -0.000321204
    0.000151479   -0.000135867   -0.000623971
   -0.000119300   -0.000101854   -0.000509550
   -0.000364106   -0.000454673   -0.000018247
   -0.000319093   -0.000329522    0.000329716
   -0.000381569   -0.000285066   -0.000122229
    0.000256870    0.000305517    0.000282620
    0.000006691   -0.000141952   -0.000123566
    0.000140275   -0.000138195   -0.000301682
   -0.000129257    0.000177232   -0.000192585
   -0.000024463   -0.000095575    0.000105895
    0.000345056    0.000034211   -0.000151599
   -0.000225778   -0.000016325    0.000111053
    0.000219093    0.000350767   -0.000299069
   -0.000127005    0.000107740    0.000097734
   -0.000007507   -0.000230856   -0.000003247
   -0.000323022    0.000004726   -0.000167492
    0.000236219   -0.000274949   -0.000245048
    0.000362680   -0.000879083   -0.000210397
    0.000017084   -0.000466345    0.000112188
    0.000209368    0.000330442    0.000039151
    0.000047345    0.000637144    0.000144919
    0.000146034   -0.000123193    0.000464023
   -0.000840003   -0.000055794    0.000022381
   -0.000424704   -0.000662239   -0.000385817
   -0.002115341    0.004311571    0.000417282
    0.000246822   -0.002951515    0.000802387
   -0.000398851   -0.000174965    0.000539217
    0.001398670   -0.000603863    0.000713310
    0.002585344   -0.000873743    0.000295208
    0.001743901   -0.001423808    0.002246519
    0.000702105    0.000410591   -0.001450332
   -0.000946433   -0.000322157   -0.002311141
    0.000470613   -0.000187369   -0.000145488
   -0.000104854    0.002578834   -0.001111409
    0.002139548    0.005751062    0.000283443
    0.001488565    0.000161127   -0.001857182
    0.001520243    0.003373625    0.002709230
    0.000458858    0.003567145    0.000246643
   -0.000526386   -0.000848466   -0.001162727
    0.002261880   -0.000891031    0.000121129
   -0.000872564    0.000007255    0.000700512
    0.002082616    0.001376931    0.000576199
    0.000271557   -0.000275334   -0.000421053
    0.000924095   -0.000061578    0.000587565
   -0.000058106    0.000137576    0.001471422
   -0.001064268    0.000208484   -0.000164148
    0.000110464    0.000250426   -0.002238564
    0.003195199    0.001154292    0.000631026
   -0.000005680   -0.000240873   -0.000499793
   -0.002447786   -0.000008101   -0.000799035
   -0.001072261   -0.000149364   -0.000528443
    0.002054331    0.001730081   -0.001896479
   -0.000083700    0.001572822   -0.000640665
    0.002054669    0.002214571    0.001413719
    0.001115549    0.001558271    0.000713189
   -0.001058975   -0.001393022   -0.000803858
    0.001880851    0.000411541    0.002378694
    0.000026949   -0.000138128    0.000837475
    0.000197394   -0.001347816    0.002481375
    0.001484253    0.002420569   -0.001504065
    0.000730921   -0.000480581    0.001289617
    0.000100281   -0.000144427    0.001095243
   -0.001078664   -0.002018009    0.000556462
    0.000410968    0.001803937    0.001152674
   -0.002870700    0.000137336    0.001791850
    0.001109986   -0.000014985    0.000965106
   -0.001039765   -0.000950032    0.001125149
    0.001615725    0.000299310   -0.001212779
    0.002014466    0.000832815    0.001811708
    0.000601585    0.001839542    0.000365210
   -0.005293884    0.001305356    0.000216161
   -0.000108641    0.000120061    0.000312826
    0.000777136    0.000662953   -0.000700695
    0.002486037    0.002411965    0.001327218
    0.000535795    0.003271008   -0.000463163
   -0.003512729    0.000250332   -0.000845085
    0.001618347   -0.001553662    0.000084309
   -0.000413196   -0.000486815   -0.003860737
   -0.000219303   -0.000105623    0.000062047
    0.001584153    0.002612633    0.000730603
 Epot of initial state (eV):   13.8164  Epot of final state (eV):     16.6168
 Vertical excitation (eV):      2.8004  Is Ev in the required range? YES
 Ekin of initial state (eV):   13.4455  Etot of initial state (eV):   27.2618
 Oscillator strength:           2.9464
  
  
