 Initial condition =   500
 Geometry in COLUMBUS and NX input format:
 C     6.0   22.86063410    1.22142768   -1.49442835   12.00000000
 C     6.0  -22.96015930   -0.00368072    1.68083344   12.00000000
 C     6.0   25.26152030   -0.52601489   -1.44199645   12.00000000
 C     6.0  -24.45279290    2.42836025    2.26346967   12.00000000
 C     6.0   24.63854010   -3.25398115   -1.27907877   12.00000000
 C     6.0  -25.01137230    4.03858843    0.23850968   12.00000000
 C     6.0   20.84105320    0.14438636    0.33633565   12.00000000
 C     6.0  -20.69825870    0.97366676   -0.21207631   12.00000000
 C     6.0   23.08748550   -4.01442748    1.02822615   12.00000000
 C     6.0  -22.60535600    5.11641674   -0.97962966   12.00000000
 C     6.0   21.29950900   -2.23645833    1.53735130   12.00000000
 C     6.0  -20.68658560    3.14315749   -1.40862584   12.00000000
 C     6.0   21.82337040    1.30005765   -4.13437368   12.00000000
 C     6.0   23.48956640    3.82207862   -0.68300729   12.00000000
 C     6.0  -24.51352930   -1.73369358    0.07278469   12.00000000
 C     6.0  -21.79883020   -1.30060566    4.00067769   12.00000000
 C     6.0   18.59643180    1.93815486    0.84266945   12.00000000
 C     6.0  -18.65242190   -0.97603014   -0.52746574   12.00000000
 C     6.0   19.49749040   -3.32841589    3.67061442   12.00000000
 C     6.0  -18.69205060    4.00345688   -3.16506722   12.00000000
 C     6.0   16.22725930    1.02944245    0.81134777   12.00000000
 C     6.0  -16.23224650   -0.48891649   -0.82939284   12.00000000
 C     6.0   13.96122960    2.50446245    1.02899000   12.00000000
 C     6.0  -14.41335570   -2.75081088   -1.07884851   12.00000000
 C     6.0   14.30549240    5.34080013    1.28949947   12.00000000
 C     6.0  -15.03132540   -5.33475385   -1.21362836   12.00000000
 C     6.0   11.56570110    1.35704444    0.56428990   12.00000000
 C     6.0  -11.78691150   -1.96962001   -0.94199114   12.00000000
 C     6.0    9.27924930    2.53025517    0.66617604   12.00000000
 C     6.0   -9.41738108   -3.26959728   -0.88511820   12.00000000
 C     6.0    7.08914535    1.20396321    0.56294553   12.00000000
 C     6.0   -7.22052967   -2.35233171   -0.75794222   12.00000000
 C     6.0    4.35244051    2.32383728    0.43121167   12.00000000
 C     6.0   -4.73703988   -3.65734646   -0.69554257   12.00000000
 C     6.0    4.07212978    5.09565154    0.91659557   12.00000000
 C     6.0   -4.74249838   -6.31524968   -0.91337772   12.00000000
 C     6.0    2.23387795    0.82223677    0.41036523   12.00000000
 C     6.0   -2.65379899   -2.21525883   -0.04672963   12.00000000
 C     6.0    2.08101973   -1.91043923    0.22084272   12.00000000
 C     6.0   -0.11703709   -3.14149984    0.00390929   12.00000000
 H     1.0   26.23734600   -0.19250358    0.32102559    1.00782504
 H     1.0   26.76258890    0.12714058   -3.01503954    1.00782504
 H     1.0  -23.59723650    3.44386186    4.00123233    1.00782504
 H     1.0  -26.23733080    1.61374971    3.16942190    1.00782504
 H     1.0   26.53738980   -4.17686856   -1.09066574    1.00782504
 H     1.0   23.85829800   -3.93843338   -2.85381460    1.00782504
 H     1.0  -26.30958020    5.55064637    0.78619422    1.00782504
 H     1.0  -26.26309690    3.12749244   -1.24658133    1.00782504
 H     1.0   24.57738920   -3.86487057    2.58961783    1.00782504
 H     1.0   22.42786050   -5.96521932    0.97454885    1.00782504
 H     1.0  -21.56107680    6.43207575    0.23256716    1.00782504
 H     1.0  -22.92184670    5.91457244   -2.81492217    1.00782504
 H     1.0   21.20207560   -0.73142743   -4.62414165    1.00782504
 H     1.0   23.08299580    2.47176214   -5.08451015    1.00782504
 H     1.0   19.97811420    2.05494071   -4.49034336    1.00782504
 H     1.0   23.77885200    4.05092307    1.56344766    1.00782504
 H     1.0   21.56094930    4.99489259   -0.85387265    1.00782504
 H     1.0   25.15098610    4.27289976   -1.81011911    1.00782504
 H     1.0  -25.01710640   -0.94902062   -1.66516355    1.00782504
 H     1.0  -26.56201560   -2.25161644    0.88888137    1.00782504
 H     1.0  -23.39915710   -3.54368747   -0.18098653    1.00782504
 H     1.0  -20.55665120    0.05244499    5.11434802    1.00782504
 H     1.0  -20.86691480   -3.33781149    3.58885711    1.00782504
 H     1.0  -23.26841100   -1.74776914    5.58696692    1.00782504
 H     1.0   19.19545810    3.93218572    1.20946234    1.00782504
 H     1.0  -19.42305420   -3.00232569   -0.63217570    1.00782504
 H     1.0   18.00583430   -1.98991343    4.67657216    1.00782504
 H     1.0   20.81402780   -4.13129088    5.05239544    1.00782504
 H     1.0   18.68257920   -5.38653299    2.79626214    1.00782504
 H     1.0  -17.70806820    2.39679167   -4.12944465    1.00782504
 H     1.0  -17.36789160    5.07574089   -2.40269832    1.00782504
 H     1.0  -19.90890230    5.09042754   -4.52949106    1.00782504
 H     1.0   16.04595350   -1.18265377    0.82708429    1.00782504
 H     1.0  -15.60201700    1.18834343   -0.52562091    1.00782504
 H     1.0   15.25840560    5.44675202    3.07841786    1.00782504
 H     1.0   12.54993170    6.60845309    1.22515214    1.00782504
 H     1.0   15.42236300    5.79121255   -0.32855424    1.00782504
 H     1.0  -15.81901210   -5.86073873   -3.00291313    1.00782504
 H     1.0  -15.58442150   -6.21531308    0.67864840    1.00782504
 H     1.0  -13.08238920   -6.23189551   -1.34484603    1.00782504
 H     1.0   11.41428320   -0.84573116   -0.08953157    1.00782504
 H     1.0  -11.49671040    0.00227904   -0.51560490    1.00782504
 H     1.0    8.97205225    4.48820015    0.79404377    1.00782504
 H     1.0   -9.43480143   -5.29644225   -1.29753378    1.00782504
 H     1.0    7.10798930   -0.87315256    0.79653825    1.00782504
 H     1.0   -7.21612811   -0.45194150   -0.30591557    1.00782504
 H     1.0    4.62186243    5.57753536    2.73707415    1.00782504
 H     1.0    1.93813002    5.32961585    0.85399284    1.00782504
 H     1.0    5.02404662    6.50708446   -0.57519587    1.00782504
 H     1.0   -6.16911331   -6.83988582   -2.54146831    1.00782504
 H     1.0   -5.76886377   -7.40807256    0.88824309    1.00782504
 H     1.0   -3.06161479   -7.76533711   -1.37174861    1.00782504
 H     1.0    0.31325866    2.03491925    0.51558591    1.00782504
 H     1.0   -3.24209857   -0.02309582    0.21780029    1.00782504
 H     1.0    4.02863944   -2.82782212    0.18346840    1.00782504
 H     1.0    0.26521800   -5.17316854    0.21693054    1.00782504
 Velocity in NX input format:
   -0.000102446    0.000292411   -0.000274366
   -0.000242044    0.000067440    0.000039244
   -0.000079293   -0.000244828   -0.000043942
    0.000560114   -0.000170387    0.000070128
    0.000479124    0.000226265   -0.000351762
    0.000019946   -0.000391299    0.000071164
   -0.000428359    0.000107982   -0.000271110
   -0.000721589    0.000169960    0.000151486
    0.000288291    0.000448112    0.000030361
    0.000202291   -0.000638977   -0.000094702
    0.000340661   -0.000733276    0.000467547
   -0.000086344    0.000328472    0.000031220
   -0.000018765   -0.000065300    0.000093581
    0.000255027    0.000057965    0.000266284
    0.000531146    0.000261874    0.000207316
   -0.000084215   -0.000006829   -0.000264011
    0.000573599   -0.000080449    0.000108315
   -0.000349915   -0.000619316    0.000156427
   -0.000003474    0.000243559    0.000151494
    0.000367088   -0.000266644   -0.000182451
   -0.000811584   -0.000382491    0.000016456
    0.000410932    0.000285813    0.000187173
    0.000289174    0.000015663   -0.000116919
    0.000185400   -0.000491781   -0.000125884
   -0.000287194    0.000055299   -0.000182350
   -0.000132424    0.000531747    0.000073583
   -0.000074399    0.000279642    0.000023609
   -0.000279626    0.000004000   -0.000013419
   -0.000353387   -0.000297804    0.000099073
   -0.000169132   -0.000088625    0.000130899
    0.000313337    0.000110666    0.000539393
   -0.000274679    0.000062018   -0.000045607
    0.000611212    0.000048358   -0.000143057
    0.000769892   -0.000188132   -0.000142035
   -0.000406591    0.000112151    0.000131600
    0.000230381   -0.000058108    0.000236417
   -0.000335911   -0.000073467   -0.000038322
   -0.000018861    0.000252538   -0.000037004
   -0.000148123    0.000264641   -0.000019057
   -0.000428761   -0.000563893   -0.000021234
   -0.000374980    0.000644967    0.000916776
   -0.001424204    0.000513852    0.001914604
   -0.001623912    0.000138176   -0.000416368
    0.001259408    0.001326746    0.000776837
   -0.002515338   -0.000399983    0.000628596
   -0.000377643   -0.001114159   -0.000556896
   -0.000212346    0.001104687    0.000424549
   -0.000947733    0.000120190   -0.002795588
   -0.000738177   -0.000707227    0.000759120
   -0.000875239   -0.002044329    0.000357759
    0.001110619    0.000078875    0.000782382
    0.001383418    0.000421322   -0.001065369
   -0.002056791    0.000131682   -0.000635008
    0.001441453   -0.000187638    0.001044749
    0.000261386   -0.001906401    0.000473975
   -0.000291026   -0.000210531   -0.002408923
    0.001275589   -0.000418504    0.000359713
   -0.001200952   -0.001188643    0.000418767
    0.000867707    0.001640838    0.002488990
    0.001400612   -0.000634808   -0.001850601
   -0.001926501   -0.001538839    0.001130409
    0.000074448    0.001744262    0.000788664
   -0.001094917   -0.000728573   -0.001511683
   -0.000446241   -0.000361974   -0.000324651
    0.000275662    0.000806406    0.000127250
    0.001103251    0.001372870   -0.001558369
   -0.000172983    0.001232400   -0.000459261
   -0.000983642    0.002111168   -0.003552940
    0.001039336    0.000425142   -0.001501488
   -0.001388068    0.002114076   -0.000537115
   -0.002258275    0.000163415    0.001180468
    0.001510449    0.000447237   -0.000068841
    0.000664680    0.001770395   -0.000361530
    0.000990532    0.001599810    0.000291168
    0.001977258    0.000332837   -0.000186963
    0.000222533   -0.000139228    0.000014241
   -0.000055874   -0.001336295    0.003252971
   -0.000386042    0.000523893   -0.000550493
   -0.000637431   -0.001880709    0.001091641
   -0.001746022    0.000369371    0.000762404
   -0.000927880   -0.000053997   -0.000778118
   -0.000243450    0.000358366   -0.001161604
   -0.000545128   -0.001370012   -0.001514818
   -0.000809751    0.001733144   -0.000200543
    0.000290057    0.000080152   -0.001895418
    0.000622019    0.002069045    0.000290184
   -0.002127924    0.001542778   -0.001549202
   -0.000161455    0.000046241    0.001809449
    0.002062856    0.000327185   -0.000264371
   -0.000673458    0.001046317   -0.000775508
    0.001196372   -0.000401679   -0.001771780
   -0.001268391    0.001649934   -0.000390153
    0.000599164   -0.000273439    0.000292254
    0.002553173   -0.004677963   -0.000821321
    0.000424989    0.000020634   -0.000426814
   -0.000310510    0.003116203    0.000314346
 Epot of initial state (eV):   11.0608  Epot of final state (eV):     13.4399
 Vertical excitation (eV):      2.3791  Is Ev in the required range? YES
 Ekin of initial state (eV):    9.7662  Etot of initial state (eV):   20.8270
 Oscillator strength:           2.6995
  
  
