 Initial condition =   102
 Geometry in COLUMBUS and NX input format:
 O     8.0   -7.97883171   -9.35978179    3.40119021   15.99491464
 O     8.0    5.38752960   -9.27291537    2.03730957   15.99491464
 O     8.0   13.18545900   -3.00855982    3.49709796   15.99491464
 O     8.0    6.80153106   -5.79105720    0.28294283   15.99491464
 O     8.0   14.49169770   -0.87588330    0.04280674   15.99491464
 O     8.0   -5.78452119    4.48683937   -0.83659634   15.99491464
 N     7.0   -0.53642390   -1.01869208   -1.19730545   14.00307401
 N     7.0    2.87203248    3.63794089   -0.98400508   14.00307401
 N     7.0   -6.07404986   -5.90787578    1.38506358   14.00307401
 N     7.0   -1.54423865    5.59358191   -0.19702218   14.00307401
 C     6.0    1.31840801   -4.51680048   -2.76752284   12.00000000
 C     6.0    1.68529479   -1.98754649   -2.04589870   12.00000000
 C     6.0   -1.28110386   -5.00160627   -2.28017911   12.00000000
 C     6.0   -2.45878649   -2.75919314   -1.40588393   12.00000000
 C     6.0    7.12833599    2.86148528   -0.65726177   12.00000000
 C     6.0    4.54987140    1.66350984   -1.13401565   12.00000000
 C     6.0    4.02790415   -0.88500412   -1.70429011   12.00000000
 C     6.0    6.56381175    5.26487649    0.33140796   12.00000000
 C     6.0    3.10893819   -6.50492363   -4.04498148   12.00000000
 C     6.0  -10.18904640   -5.30454779    2.59432290   12.00000000
 C     6.0   -6.73013620   -3.47196611    0.50109333   12.00000000
 C     6.0    3.81879380    5.73379090   -0.03518708   12.00000000
 C     6.0   -9.25549467   -2.98237647    1.11450172   12.00000000
 C     6.0    9.67232415    1.47976364   -0.80837001   12.00000000
 C     6.0   -4.80187285   -1.89914752   -0.75526784   12.00000000
 C     6.0   -2.85172810   -7.23256371   -3.25692920   12.00000000
 C     6.0   -7.99782667   -7.15692691    2.65392158   12.00000000
 C     6.0    3.98182335   -8.53543697   -2.19000862   12.00000000
 C     6.0   10.23648340   -0.28630263    1.64337317   12.00000000
 C     6.0    8.30215509    7.37510522    1.28383586   12.00000000
 C     6.0    2.32177267    7.81989012    0.61184377   12.00000000
 C     6.0  -12.64288000   -6.63386958    1.59532487   12.00000000
 C     6.0  -10.82094460   -1.19691152    0.14439073   12.00000000
 C     6.0   -0.33375462    7.71806170    0.40916257   12.00000000
 C     6.0   -1.87308798    9.78891658    0.72463571   12.00000000
 C     6.0   -4.37175556    8.86992378    0.25063969   12.00000000
 C     6.0    5.44749671   -7.61769135    0.15677928   12.00000000
 C     6.0  -10.17585620    1.00801902   -1.20011087   12.00000000
 C     6.0   12.84405950   -1.38965200    1.57907867   12.00000000
 C     6.0   -6.87060928   10.10115990    0.72011379   12.00000000
 C     6.0   -4.08307189    6.09839542   -0.53737199   12.00000000
 C     6.0   -1.14413131   12.34568730    1.62660142   12.00000000
 C     6.0   -8.28012941   10.77153640   -1.88829149   12.00000000
 H     1.0   -0.78497231    0.55672027    0.04243553    1.00782504
 H     1.0    5.79381917   -1.96025588   -2.09747304    1.00782504
 H     1.0    5.08860477   -5.61269852   -4.49296365    1.00782504
 H     1.0    2.22881412   -6.99635104   -5.55685688    1.00782504
 H     1.0  -10.43867920   -4.50545087    4.44082749    1.00782504
 H     1.0    9.49086137    0.00766698   -2.64371726    1.00782504
 H     1.0   11.22186930    2.84735244   -1.27145958    1.00782504
 H     1.0   -5.09925086    0.28173478   -0.78052712    1.00782504
 H     1.0    0.78661523    3.43318006   -0.91331973    1.00782504
 H     1.0   -3.11360395   -8.86210681   -2.04601904    1.00782504
 H     1.0   -4.65484319   -6.64715046   -3.65765590    1.00782504
 H     1.0   -1.86665148   -8.07520764   -4.64566243    1.00782504
 H     1.0   -4.52567236   -7.30305781    0.71692773    1.00782504
 H     1.0    2.21743509   -9.46877650   -1.34964246    1.00782504
 H     1.0    5.07354831   -9.97493180   -2.92141916    1.00782504
 H     1.0    8.73389846   -1.68458451    1.53775806    1.00782504
 H     1.0    9.92923750    0.78484544    3.66757428    1.00782504
 H     1.0    7.88861718    9.31336014    0.52720640    1.00782504
 H     1.0   10.38292230    7.10541193    0.51460464    1.00782504
 H     1.0    8.76957408    7.45436213    3.14379275    1.00782504
 H     1.0    3.30410510    9.17305360    1.69823871    1.00782504
 H     1.0  -14.12677770   -5.41707958    2.42876592    1.00782504
 H     1.0  -13.11525490   -8.20754637    2.64130718    1.00782504
 H     1.0  -13.23316950   -7.04465629   -0.42520949    1.00782504
 H     1.0  -12.64407030   -1.14735013    0.78152834    1.00782504
 H     1.0   -8.73254365    2.62263526   -0.03228864    1.00782504
 H     1.0  -11.88017870    1.95992295   -1.81517335    1.00782504
 H     1.0   -8.98487386    0.40448041   -3.01651396    1.00782504
 H     1.0   -6.50397859   11.70368590    2.02127511    1.00782504
 H     1.0   -8.21668692    8.81696000    1.91387753    1.00782504
 H     1.0   -0.24209814   12.23281960    3.82074698    1.00782504
 H     1.0   -2.65514991   13.57126890    1.95723376    1.00782504
 H     1.0    0.10072209   13.42436530    0.23695798    1.00782504
 H     1.0   -6.90064102   12.17054570   -3.20946004    1.00782504
 H     1.0  -10.06122740   11.44468100   -1.47916951    1.00782504
 H     1.0   -8.29451908    8.84309525   -3.01989904    1.00782504
 H     1.0    6.48582605   -8.84234433    3.54730859    1.00782504
 H     1.0   14.93155470   -3.45575338    3.35866292    1.00782504
 Velocity in NX input format:
   -0.000057821   -0.000335064    0.000103258
    0.000114758    0.000099797    0.000497240
    0.000165500    0.000121707   -0.000138552
    0.000320713    0.000320207    0.000096882
   -0.000163970   -0.000212358    0.000188448
   -0.000279330   -0.000182079   -0.000073466
   -0.000038293   -0.000640189    0.000113700
   -0.000466835    0.000383853   -0.000245102
   -0.000058149   -0.000093666    0.000103954
    0.000476710    0.000126509   -0.000254143
   -0.000223816    0.000069157    0.000005924
    0.000577893   -0.000049673   -0.000314114
   -0.000473314   -0.000085726    0.000354812
   -0.000071537    0.000070233   -0.000332660
   -0.000071033    0.000180712    0.000293716
    0.000158718   -0.000057882    0.000242886
    0.000012179    0.000479474    0.000138622
    0.000017751   -0.000453453    0.000064308
   -0.000107605    0.000008295    0.000254223
    0.000171318   -0.000483127    0.000008165
    0.000136339    0.000643308   -0.000178620
    0.000283262   -0.000334684   -0.000285725
    0.000231370    0.000407653    0.000156758
    0.000095393    0.000179067   -0.000729489
   -0.000647415   -0.000309747    0.000096689
    0.000277892    0.000343172   -0.000141406
    0.000119958    0.000232128    0.000035352
    0.000303144    0.000076480    0.000105786
    0.000185669    0.000147370    0.000118652
    0.000118480    0.000091963    0.000104928
   -0.000707941    0.000069918   -0.000286958
   -0.000365906    0.000491033    0.000444113
   -0.000935344   -0.000159767    0.000173518
    0.000094526   -0.000108454    0.000299315
    0.000227120    0.000445656    0.000480308
    0.000280749   -0.000225684    0.000187556
   -0.000316685   -0.000664717   -0.000480526
    0.000021146   -0.000117699   -0.000394885
    0.000078949    0.000018876   -0.000188662
    0.000190540    0.000732183   -0.000209501
    0.000290047    0.000242514   -0.000055920
   -0.000280204   -0.000100911   -0.000277428
   -0.000257490   -0.000198741    0.000200237
   -0.000487897    0.001996230    0.001050804
   -0.000150499    0.001382173   -0.000820070
    0.003214527    0.004533750   -0.002662627
   -0.001994305   -0.001398794   -0.000323704
    0.000331252   -0.000224410   -0.002102909
    0.001223842   -0.000805193    0.004808817
    0.001781999   -0.000932513    0.003219650
    0.001091657   -0.000564811    0.000477639
   -0.002640240   -0.001333820    0.000302261
    0.000783550   -0.000741186   -0.001763343
    0.000254105    0.000446162    0.000359311
   -0.000458514   -0.001521165    0.001995924
   -0.001267654    0.000779425    0.000248225
   -0.001802308   -0.000631970    0.000790627
    0.000305277    0.000665437   -0.000287983
   -0.000863439    0.001579244    0.000285926
   -0.001057728   -0.000945710   -0.002079005
    0.000250913   -0.001908105    0.000538589
    0.001084104   -0.002644915   -0.000992316
   -0.000471942   -0.000570008    0.000175550
   -0.000131209   -0.000256810   -0.000057197
    0.002067587   -0.001892137    0.001320425
   -0.001045986    0.000502457   -0.001743673
    0.002624619   -0.001830139   -0.004046108
    0.002905575    0.000434607   -0.000240754
    0.000112031    0.001052303    0.000201730
    0.003277534   -0.002340507    0.000894173
   -0.002039588    0.002503966    0.000440445
   -0.000607564    0.000094696    0.000284762
   -0.000668074   -0.002669008   -0.001816629
    0.000737936   -0.000049318   -0.000315980
    0.001939280   -0.001635795   -0.001506919
   -0.002290311   -0.001817488    0.001745364
    0.000431080    0.000624702    0.001128978
    0.001139632   -0.001750062   -0.000654390
   -0.001254801    0.001528419   -0.000522738
   -0.003543920   -0.001295625   -0.002306690
    0.000593988    0.000890327    0.000204878
