 Initial condition =   500
 Geometry in COLUMBUS and NX input format:
 O     8.0   21.77780890    1.52621118   -1.67795123   15.99491464
 O     8.0   24.94919790   -4.48884642    2.36785813   15.99491464
 O     8.0  -19.77025590   -0.96668849    4.34408922   15.99491464
 O     8.0  -26.92768050   -2.40643788    1.19900820   15.99491464
 C     6.0   20.59325560   -0.54277534   -0.85685705   12.00000000
 C     6.0   22.42010940    0.79792651    0.87901676   12.00000000
 C     6.0   21.32052670   -3.20249039   -1.96180495   12.00000000
 C     6.0   25.21177550   -0.09619534    0.92218009   12.00000000
 C     6.0   24.20900770   -3.47787570   -2.18641818   12.00000000
 C     6.0   25.78898990   -2.82038871    0.23844339   12.00000000
 C     6.0   21.32872740    2.72905992    2.71085723   12.00000000
 C     6.0   17.76890170   -0.31101139   -0.49846158   12.00000000
 C     6.0   19.98007740   -5.57602365   -0.76042156   12.00000000
 C     6.0   20.40461980   -2.99274721   -4.74217927   12.00000000
 C     6.0   16.40220290   -0.78201893    1.43196045   12.00000000
 C     6.0   13.73424130   -0.10785246    1.93211984   12.00000000
 C     6.0   12.44852280   -2.19985620    3.51744909   12.00000000
 C     6.0   12.60733280    1.67893236    0.68505025   12.00000000
 C     6.0   10.01675320    2.49446099    0.81027711   12.00000000
 C     6.0  -22.64815740   -0.55674861   -2.53436857   12.00000000
 C     6.0  -21.80854370   -1.01815373    2.64173854   12.00000000
 C     6.0  -23.74752100   -3.21082243   -2.18272296   12.00000000
 C     6.0  -24.81848900   -3.96729567    0.29537738   12.00000000
 C     6.0  -22.85044690   -3.66930027    2.33361819   12.00000000
 C     6.0  -20.90158210   -0.01758245   -0.03669874   12.00000000
 C     6.0  -21.11911920   -0.65846611   -4.79204471   12.00000000
 C     6.0  -24.65878320    1.46879449   -2.81124094   12.00000000
 C     6.0  -23.79853950    1.03677189    3.66877745   12.00000000
 C     6.0    8.94661425    4.53830612   -0.18622831   12.00000000
 C     6.0  -18.76304540    1.16763696   -0.34768090   12.00000000
 C     6.0    6.31740368    5.53229725    0.02129420   12.00000000
 C     6.0  -16.27100760    1.90602511   -0.45657659   12.00000000
 C     6.0    5.99547217    8.39232778    0.38643505   12.00000000
 C     6.0    4.38388713    3.65766530   -0.47291092   12.00000000
 C     6.0  -14.10587980    0.37058950   -0.41951258   12.00000000
 C     6.0  -14.28397440   -2.39384576   -0.27830414   12.00000000
 C     6.0  -11.71861810    1.60486648   -0.57184772   12.00000000
 C     6.0    1.83051718    4.08039492   -0.19023175   12.00000000
 C     6.0   -9.26907777    0.53970709   -0.56694163   12.00000000
 C     6.0    0.12892761    2.09061174   -0.42862779   12.00000000
 C     6.0   -7.12468012    2.07171529   -0.49099369   12.00000000
 C     6.0   -2.59271436    2.81895629   -0.35098118   12.00000000
 C     6.0   -4.61568912    1.01853773   -0.40325188   12.00000000
 C     6.0   -4.31650580   -1.78384836   -0.55208152   12.00000000
 H     1.0   25.95040120    0.02687958    2.84410915    1.00782504
 H     1.0   26.32926870    1.11799671   -0.64960980    1.00782504
 H     1.0   24.88576920   -5.15336437   -2.60342099    1.00782504
 H     1.0   24.58223080   -2.09437310   -3.69365824    1.00782504
 H     1.0   27.77470900   -3.17133645    0.18194249    1.00782504
 H     1.0   21.02663730    2.02429601    4.60285915    1.00782504
 H     1.0   22.83238990    4.34209223    2.92244261    1.00782504
 H     1.0   19.63261260    3.60197534    1.49252337    1.00782504
 H     1.0   16.64123530    0.26771177   -1.88893548    1.00782504
 H     1.0   18.07469810   -5.51463935   -0.63176170    1.00782504
 H     1.0   20.34328600   -7.40138001   -1.75117614    1.00782504
 H     1.0   20.81959260   -5.71171895    1.38333971    1.00782504
 H     1.0   21.01942300   -0.98725579   -5.44046774    1.00782504
 H     1.0   21.52638170   -4.52877729   -5.89846051    1.00782504
 H     1.0   18.40753080   -3.28731337   -5.22050274    1.00782504
 H     1.0   23.52126680   -3.59639230    3.13648323    1.00782504
 H     1.0   17.51583370   -1.64146349    2.88754523    1.00782504
 H     1.0   10.30042010   -1.62362111    3.41413797    1.00782504
 H     1.0   12.29870170   -4.16593479    2.23053864    1.00782504
 H     1.0   13.13907690   -2.38061723    5.40146335    1.00782504
 H     1.0   13.86920680    2.75894669   -0.86100034    1.00782504
 H     1.0    8.43302018    1.56976102    1.82663334    1.00782504
 H     1.0  -25.02928470   -3.58660309   -4.04123041    1.00782504
 H     1.0  -22.16417190   -4.41260262   -2.62419621    1.00782504
 H     1.0  -25.38692820   -5.65040769    0.57311241    1.00782504
 H     1.0  -23.61394020   -3.72375353    4.33075685    1.00782504
 H     1.0  -21.26465720   -5.14552400    2.51415118    1.00782504
 H     1.0  -22.48983870   -0.98710925   -6.15633008    1.00782504
 H     1.0  -20.23262050    1.26821121   -5.37435778    1.00782504
 H     1.0  -19.71772870   -2.22205531   -5.17396138    1.00782504
 H     1.0  -25.83954050    1.36479311   -1.36172796    1.00782504
 H     1.0  -23.88581730    3.44475727   -2.93983625    1.00782504
 H     1.0  -25.51595530    1.05783176   -4.86584054    1.00782504
 H     1.0  -24.08299500    0.65405760    5.65930188    1.00782504
 H     1.0  -23.04484140    2.84620012    4.14339104    1.00782504
 H     1.0  -25.56065320    1.11668569    2.62296859    1.00782504
 H     1.0   10.08342910    5.94180374   -1.18939967    1.00782504
 H     1.0  -18.78337470    0.70004596    4.34390542    1.00782504
 H     1.0  -28.24396300   -2.83547057    0.11948098    1.00782504
 H     1.0  -15.80350100    3.91291766   -0.20321958    1.00782504
 H     1.0    4.32327379    9.07179988   -0.06770004    1.00782504
 H     1.0    6.99107490    8.97755569    2.06009819    1.00782504
 H     1.0    7.42406868    8.82602014   -1.09534730    1.00782504
 H     1.0    5.33478153    1.86104412   -0.65794968    1.00782504
 H     1.0  -12.63560360   -3.58354934   -0.56432620    1.00782504
 H     1.0  -15.52497620   -2.81876097    1.50436910    1.00782504
 H     1.0  -15.57484010   -2.95080402   -1.58441227    1.00782504
 H     1.0  -11.67273550    3.76640057   -0.64738385    1.00782504
 H     1.0    1.04717282    5.72065356   -0.28956279    1.00782504
 H     1.0   -8.71565947   -1.78110729   -0.44781931    1.00782504
 H     1.0    0.14934404    0.23520320   -0.21305958    1.00782504
 H     1.0   -7.55143332    4.08500538    0.13481524    1.00782504
 H     1.0   -3.45233867    4.98304254    0.02594494    1.00782504
 H     1.0   -2.43914462   -2.18928592   -0.20754147    1.00782504
 H     1.0   -5.31589305   -3.08687008    0.85328056    1.00782504
 H     1.0   -4.59081669   -2.70274947   -2.59445870    1.00782504
 Velocity in NX input format:
   -0.000028634    0.000059776   -0.000157720
    0.000003102    0.000065770   -0.000234653
   -0.000208474   -0.000042266    0.000026033
    0.000101574   -0.000162957   -0.000223810
    0.000078569   -0.000222084   -0.000096413
    0.000227240    0.000001857    0.000512843
   -0.000088078    0.000383637   -0.000525146
   -0.000117819    0.000158155   -0.000306831
    0.000121069   -0.000171532    0.000283123
    0.000360518   -0.000500331    0.000340607
   -0.000135855    0.000420287    0.000129091
    0.000064275   -0.000050211   -0.000052427
   -0.000220451    0.000022479    0.000147894
    0.000022689    0.000009040   -0.000259203
   -0.000130494   -0.000334510    0.000568967
   -0.000133891   -0.000007836   -0.000403237
    0.000272729    0.000117344    0.000701154
   -0.000311616    0.000197702    0.000170877
    0.000094461   -0.000738839    0.000094403
    0.000488042   -0.000175962    0.000180567
    0.000055322    0.000387241   -0.000123867
   -0.000501835    0.000447683    0.000353730
    0.000230836    0.000438408   -0.000029803
    0.000168231   -0.000177695    0.000424472
   -0.000213793   -0.000382086    0.000322530
    0.000004314   -0.000103869    0.000298764
    0.000144453   -0.000053974   -0.000018410
    0.000415235   -0.000309822   -0.000074563
    0.000169264    0.000116855   -0.000038217
   -0.000710448   -0.000394990   -0.000323203
   -0.000091254   -0.000416444    0.000257699
    0.000686981   -0.000049687    0.000118442
    0.000186922   -0.000395242    0.000237028
   -0.000135877    0.000085872    0.000109372
   -0.000467351   -0.000304639   -0.000153364
   -0.000242678    0.000185089    0.000287635
    0.000343492    0.000653516    0.000000507
   -0.000041997   -0.000703778   -0.000463496
   -0.000265692   -0.000346363    0.000268503
   -0.000083889    0.000342620    0.000045923
    0.000633107    0.000017744   -0.000144839
   -0.000057454   -0.000549622    0.000092358
   -0.000027245    0.000196800   -0.000102316
    0.000004761    0.000411746    0.000314479
    0.001331039   -0.001504819    0.000360088
   -0.001697924   -0.001302052    0.000234448
   -0.000086447   -0.000565856    0.000246499
    0.001638219    0.000018196    0.000418574
   -0.001394600    0.001509493    0.000815778
    0.002196472    0.000955165   -0.002518512
    0.000437826    0.001432002    0.002048997
   -0.000949213    0.000284538    0.000300746
   -0.000524277    0.000242609   -0.000480575
    0.001216893   -0.000915461   -0.000098662
    0.000310559   -0.002247680   -0.001133782
    0.000849969    0.002035237    0.000434027
   -0.000600332   -0.003709516    0.001896092
   -0.000237013    0.002771327   -0.002021448
   -0.002218469   -0.000642075    0.000603713
    0.000679826    0.000076924   -0.000778314
   -0.000927205    0.002211218   -0.002997068
   -0.003558617    0.002133423   -0.002399175
    0.000888576   -0.000234608   -0.001089196
   -0.001456390   -0.001462231   -0.003944496
    0.001420718    0.000000718   -0.000282800
    0.000636309    0.001275187   -0.000226732
    0.000235230   -0.002454222   -0.000142421
    0.000332220    0.000056771   -0.001585030
   -0.000270843   -0.003427803   -0.000834861
    0.000899262    0.000504471   -0.001925513
   -0.004350277    0.002382558   -0.001093840
   -0.000064275    0.002205891   -0.003337272
   -0.001189482    0.001887224   -0.001945370
    0.001175312   -0.001194961    0.000472456
    0.000995374   -0.000351728    0.000407942
    0.001717752    0.000352087    0.000034500
   -0.002367970    0.000035451   -0.001485568
    0.000084646    0.001720261    0.001896186
   -0.001331713   -0.001547374    0.001246324
   -0.002136483    0.003135139   -0.002197802
    0.001613735    0.002018604   -0.002816098
   -0.000447632    0.000436925   -0.001360689
    0.002926273   -0.000558023    0.002708621
    0.000339253    0.001552145    0.000982949
   -0.005022322    0.003282347   -0.001593141
    0.000691656    0.002233192    0.000619799
    0.000399573    0.002525820   -0.001109506
   -0.000692684   -0.000158884   -0.000948829
    0.000450870    0.001269340   -0.000091814
    0.003296673    0.000564040   -0.006222994
   -0.000749985   -0.000846258    0.003072586
   -0.002180893   -0.002309579   -0.000215861
   -0.001201841    0.002969274    0.000778290
    0.000398460   -0.001010837   -0.002207316
   -0.001324026    0.001945123   -0.000666150
    0.002128830   -0.001152270    0.000057307
   -0.001610120    0.004715388    0.000827057
    0.002112025   -0.001135394    0.001275414
    0.001459947   -0.001106682    0.001352473
   -0.001773870    0.000418187   -0.003100716
 Epot of initial state (eV):   12.3872  Epot of final state (eV):     14.8922
 Vertical excitation (eV):      2.5050  Is Ev in the required range? YES
 Ekin of initial state (eV):   16.3179  Etot of initial state (eV):   28.7051
 Oscillator strength:           3.2123
  
  
